<?xml version="1.0" encoding="UTF-8" ?>
<testsuite tests="7" failures="0" name="dao.DangKiThiDauDAOTest" time="0.262" errors="0" skipped="0">
  <properties>
[...]
</properties>
  <testcase classname="dao.DangKiThiDauDAOTest" name="GetDSDangKiThiDauByChangDua_testchuan1" time="0.215"/>
  <testcase classname="dao.DangKiThiDauDAOTest" name="GetDSDangKiThiDauByChangDua_testchuan2" time="0.004"/>
  <testcase classname="dao.DangKiThiDauDAOTest" name="GetDSDangKiThiDauByChangDua_testchuan3" time="0.001"/>
  <testcase classname="dao.DangKiThiDauDAOTest" name="GetDSDangKiThiDauByChangDua_testchuan4" time="0.002"/>
  <testcase classname="dao.DangKiThiDauDAOTest" name="LuuKetQuaThiDau_testChuan1" time="0.005"/>
  <testcase classname="dao.DangKiThiDauDAOTest" name="LuuKetQuaThiDau_testChuan5" time="0.034"/>
  <testcase classname="dao.DangKiThiDauDAOTest" name="LuuKetQuaThiDau_testNgoaiLe1" time="0.001"/>
</testsuite>